<?xml version="1.0" encoding="UTF-8"?>
<!-- Generated by org.testng.reporters.JUnitXMLReporter -->
<testsuite hostname="DESKTOP-576CM0N" ignored="2" name="TBLOCKS_WEB_POC" tests="1" failures="0" timestamp="2020-09-23T19:54:17 IST" time="0.12" errors="0">
  <testcase name="@BeforeClass beforeTest" time="-1.600871057045E9" classname="com.framework.init.SeleniumInit">
    <failure type="org.testng.TestNGException" message="
Parameter &amp;apos;browser&amp;apos; is required by BeforeClass on method beforeTest but has not been marked @Optional or defined
in C:\Users\Laptop\.IdeaIC2019.3\system\temp-testng-customsuite.xml">
      <![CDATA[org.testng.TestNGException: 
Parameter 'browser' is required by BeforeClass on method beforeTest but has not been marked @Optional or defined
in C:\Users\Laptop\.IdeaIC2019.3\system\temp-testng-customsuite.xml
at java.util.ArrayList.forEach(ArrayList.java:1259)
at com.intellij.rt.testng.IDEARemoteTestNG.run(IDEARemoteTestNG.java:66)
at com.intellij.rt.testng.RemoteTestNGStarter.main(RemoteTestNGStarter.java:110)
... Removed 19 stack frames]]>
    </failure>
  </testcase> <!-- @BeforeClass beforeTest -->
  <testcase name="jio_verify2GBPlansPositiveFlow" time="0.0" classname="com.TBlocks_POC.TblocksIndex">
    <skipped/>
  </testcase> <!-- jio_verify2GBPlansPositiveFlow -->
  <testcase name="zain_verifyLogin_Dashboard_Price" time="0.0" classname="com.TBlocks_POC.TblocksIndex">
    <ignored/>
  </testcase> <!-- zain_verifyLogin_Dashboard_Price -->
  <testcase name="test2" time="0.0" classname="com.utils.ZainProvider">
    <ignored/>
  </testcase> <!-- test2 -->
</testsuite> <!-- TBLOCKS_WEB_POC -->
