<!DOCTYPE html PUBLIC "-//W3C//DTD XHTML 1.1//EN" "https://www.w3.org/TR/xhtml11/DTD/xhtml11.dtd">
<html xmlns="https://www.w3.org/1999/xhtml">
<head>
<meta http-equiv="content-type" content="text/html; charset=UTF-8"/>
<title>TestNG Report</title>
<style type="text/css">table {margin-bottom:10px;border-collapse:collapse;empty-cells:show}th,td {border:1px solid #009;padding:.25em .5em}th {vertical-align:bottom}td {vertical-align:top}table a {font-weight:bold}.stripe td {background-color: #E6EBF9}.num {text-align:right}.passedodd td {background-color: #3F3}.passedeven td {background-color: #0A0}.skippedodd td {background-color: #DDD}.skippedeven td {background-color: #CCC}.failedodd td,.attn {background-color: #F33}.failedeven td,.stripe .attn {background-color: #D00}.stacktrace {white-space:pre;font-family:monospace}.totop {font-size:85%;text-align:center;border-bottom:2px solid #000}.invisible {display:none}</style>
</head>
<body>
<table>
<tr><th>Test</th><th># Passed</th><th># Skipped</th><th># Retried</th><th># Failed</th><th>Time (ms)</th><th>Included Groups</th><th>Excluded Groups</th></tr>
<tr><th colspan="8">Default Suite</th></tr>
<tr><td><a href="#t0">TBLOCKS_WEB_POC</a></td><td class="num">0</td><td class="num">0</td><td class="num">0</td><td class="num attn">1</td><td class="num">132,199</td><td></td><td></td></tr>
</table>
<table id='summary'><thead><tr><th>Class</th><th>Method</th><th>Start</th><th>Time (ms)</th></tr></thead><tbody><tr><th colspan="4">Default Suite</th></tr></tbody><tbody id="t0"><tr><th colspan="4">TBLOCKS_WEB_POC &#8212; failed</th></tr><tr class="failedeven"><td rowspan="1">com.Zain.ZainIndex</td><td><a href="#m0">testCaseScenario_01</a></td><td rowspan="1">1600256107190</td><td rowspan="1">113664</td></tr></tbody>
</table>
<h2>TBLOCKS_WEB_POC</h2><h3 id="m0">com.Zain.ZainIndex#testCaseScenario_01</h3><table class="result"><tr class="param"><th>Parameter #1</th><th>Parameter #2</th></tr><tr class="param stripe"><td>voicetest290@gmail.com</td><td>rutu@123</td></tr><tr><th colspan="2">Messages</th></tr><tr><td colspan="2"><div class="messages"><br></br><strong>Zain_TestScenario :: To perform login, verify Dashboard and Add device from E-Shop</strong><br/><br></br><img src="info.png" alt="Info" height="18" width="18"><font color=#000080>Version is not available for the current build.</font><br/><br></br><img src="info.png" alt="Info" height="18" width="18"><font color=#000080>To verify that user can see the home page of the " Zain Web Application " .</font><br/><br></br><img src="pass.png" height="18" width="18"><Strong><font color=#008000>Pass</font></strong><br/><br></br>Step 1 : Click on My Zain Account button from the top right corner of the web application.<br/><br></br><img src="info.png" alt="Info" height="18" width="18"><font color=#000080>Verify that user can see " Login Screen " of zain web application with following fields.<br> 1. Zain Logo <br> 2. Login Panel <br> 3. Register Panel<br> 4. Personal Tab<br> 5. Business Tab.
<br> 6. E-Shop Tab.
<br> 7. I am looking for Search field.
<br> 8. Follow us Icons
<br> 9. Footer Text
<br> 10. Header Hyperlinks
</font><br/><br></br><img src="pass.png" height="18" width="18"><Strong><font color=#008000>Pass</font></strong><br/><br></br>Step 2 : Enter Credentials for login.<br/><br></br><strong>Email Address : </strong><font color=#9400D3>voicetest290@gmail.com</font><br/><br></br>Step 3 : Click on Sign in button.<br/><br></br><img src="info.png" alt="Info" height="18" width="18"><font color=#000080>Verify user is directed to the dashboard screen after successful login and verify following details.<br> 1. Logged in user name
<br> 2. Add to cart button
<br> 3. Zain Logo
<br> 4. Personal Tab
<br> 5. Business Tab
<br> 6. E-Shop Tab
<br> 7. 5G Tab
<br  8. Notifications dropdown
<br> 9. I am looking for Search field.
<br> 10. Profile Picture of user.
<br> 11. Name 
<br> 12. Nickname
</font><br/><br></br><strong>Logged in User Name :  : </strong><font color=#9400D3>Rutu Shah</font><br/><br></br><strong>Logged in User's NickName :  : </strong><font color=#9400D3>Rutu</font><br/><br></br><img src="pass.png" height="18" width="18"><Strong><font color=#008000>Pass</font></strong><br/><br></br>Step 4 : Click on E-Shop Tab.<br/><br></br><img src="info.png" alt="Info" height="18" width="18"><font color=#000080>Verify user can see E-Shop Screen's content.</font><br/><br></br><strong>Total Available Products :  : </strong><font color=#9400D3>5</font><br/><br></br><img src="pass.png" height="18" width="18"><Strong><font color=#008000>Pass</font></strong><br/><br></br>Step 5 : Click on First available product.<br/><br></br><img src="info.png" alt="Info" height="18" width="18"><font color=#000080>Verify selected product screen.</font><br/><br></br><img src="pass.png" height="18" width="18"><Strong><font color=#008000>Pass</font></strong><br/><br></br>Step 6 : Observe and click on the first thumbnail.<br/><br></br><img src="info.png" alt="Info" height="18" width="18"><font color=#000080>Verify user can see information page of the thumbnail.</font><br/><br></br><img src="pass.png" height="18" width="18"><Strong><font color=#008000>Pass</font></strong><br/><br></br><img src="info.png" alt="Info" height="18" width="18"><font color=#000080>Verify select Iphone SE with black color and model number</font><br/><br></br><strong>Step Failure<br>Please check attached screenshot : <br><br> : </strong><font color=#9400D3><img src='../test-output/screenshots/0916170701570testCaseScenario_01.png' width='683' height='384'/></font><br/><br></br><img src="fail.png" alt="Fail" height="18" width="18"><Strong><font color=#ff0000>Fail</font></strong><br/><br></br><strong>Failure Reason: : </strong><font color=#9400D3></font><br/><br></br><img src="warning.png" alt="Warning" height="18" width="18">Validation Message : <Strong><font color=#ff0000>org.openqa.selenium.NoSuchElementException: Timed out after 10 seconds. Unable to locate the element</strong></font></div></td></tr><tr><th colspan="2">Exception</th></tr><tr><td colspan="2"><div class="stacktrace">org.openqa.selenium.NoSuchElementException: Timed out after 10 seconds. Unable to locate the element
	at org.openqa.selenium.support.pagefactory.AjaxElementLocator.findElement(AjaxElementLocator.java:99)
	at org.openqa.selenium.support.pagefactory.internal.LocatingElementHandler.invoke(LocatingElementHandler.java:38)
	at com.sun.proxy.$Proxy11.getAttribute(Unknown Source)
	at com.framework.common.Generics.getInnerText(Generics.java:362)
	at com.Zain.ZainVerification.verifyBlackModel(ZainVerification.java:187)
	at com.Zain.ZainIndex.testCaseScenario_01(ZainIndex.java:111)
	at java.util.ArrayList.forEach(ArrayList.java:1259)
	at com.intellij.rt.testng.IDEARemoteTestNG.run(IDEARemoteTestNG.java:66)
	at com.intellij.rt.testng.RemoteTestNGStarter.main(RemoteTestNGStarter.java:110)
Caused by: org.openqa.selenium.NoSuchElementException: no such element: Unable to locate element: {&quot;method&quot;:&quot;xpath&quot;,&quot;selector&quot;:&quot;//input[@id=&apos;elementn_widgets_FilteringSelectAdvanced_1&apos;]&quot;}
  (Session info: chrome=85.0.4183.102)
For documentation on this error, please visit: https://www.seleniumhq.org/exceptions/no_such_element.html
Build info: version: &apos;3.141.59&apos;, revision: &apos;e82be7d358&apos;, time: &apos;2018-11-14T08:17:03&apos;
System info: host: &apos;DESKTOP-576CM0N&apos;, ip: &apos;192.168.0.100&apos;, os.name: &apos;Windows 10&apos;, os.arch: &apos;amd64&apos;, os.version: &apos;10.0&apos;, java.version: &apos;1.8.0_261&apos;
Driver info: org.openqa.selenium.chrome.ChromeDriver
Capabilities {acceptInsecureCerts: false, browserName: chrome, browserVersion: 85.0.4183.102, chrome: {chromedriverVersion: 84.0.4147.30 (48b3e868b4cc0..., userDataDir: C:\Users\Laptop\AppData\Loc...}, goog:chromeOptions: {debuggerAddress: localhost:57509}, javascriptEnabled: true, networkConnectionEnabled: false, pageLoadStrategy: normal, platform: WINDOWS, platformName: WINDOWS, proxy: Proxy(), setWindowRect: true, strictFileInteractability: false, timeouts: {implicit: 0, pageLoad: 300000, script: 30000}, unhandledPromptBehavior: dismiss and notify, webauthn:virtualAuthenticators: true}
Session ID: 69fdb9b26ded591a07380d2756a4ca19
*** Element info: {Using=xpath, value=//input[@id=&apos;elementn_widgets_FilteringSelectAdvanced_1&apos;]}
	at org.openqa.selenium.remote.http.W3CHttpResponseCodec.createException(W3CHttpResponseCodec.java:187)
	at org.openqa.selenium.remote.http.W3CHttpResponseCodec.decode(W3CHttpResponseCodec.java:122)
	at org.openqa.selenium.remote.http.W3CHttpResponseCodec.decode(W3CHttpResponseCodec.java:49)
	at org.openqa.selenium.remote.HttpCommandExecutor.execute(HttpCommandExecutor.java:158)
	at org.openqa.selenium.remote.service.DriverCommandExecutor.execute(DriverCommandExecutor.java:83)
	at org.openqa.selenium.remote.RemoteWebDriver.execute(RemoteWebDriver.java:552)
	at org.openqa.selenium.remote.RemoteWebDriver.findElement(RemoteWebDriver.java:323)
	at org.openqa.selenium.remote.RemoteWebDriver.findElementByXPath(RemoteWebDriver.java:428)
	at org.openqa.selenium.By$ByXPath.findElement(By.java:353)
	at org.openqa.selenium.remote.RemoteWebDriver.findElement(RemoteWebDriver.java:315)
	at org.openqa.selenium.support.pagefactory.DefaultElementLocator.findElement(DefaultElementLocator.java:69)
	at org.openqa.selenium.support.pagefactory.AjaxElementLocator.access$001(AjaxElementLocator.java:39)
	at org.openqa.selenium.support.pagefactory.AjaxElementLocator$SlowLoadingElement.isLoaded(AjaxElementLocator.java:165)
	at org.openqa.selenium.support.ui.SlowLoadableComponent.get(SlowLoadableComponent.java:72)
	at org.openqa.selenium.support.pagefactory.AjaxElementLocator.findElement(AjaxElementLocator.java:95)
	... 32 more
... Removed 28 stack frames</div></td></tr></table><p class="totop"><a href="#summary">back to summary</a></p>
</body>
</html>
