<?xml version="1.0" encoding="UTF-8"?>
<!-- Generated by org.testng.reporters.JUnitReportReporter -->
<testsuite skipped="0" hostname="DESKTOP-576CM0N" name="com.Zain.ZainIndex" tests="1" failures="0" timestamp="2020-09-16T17:07:04 IST" time="131.910" errors="1">
  <testcase name="testCaseScenario_01" time="131.910" classname="com.Zain.ZainIndex">
    <error type="org.openqa.selenium.NoSuchElementException" message="Timed out after 10 seconds. Unable to locate the element">
      <![CDATA[org.openqa.selenium.NoSuchElementException: Timed out after 10 seconds. Unable to locate the element
at org.openqa.selenium.support.pagefactory.AjaxElementLocator.findElement(AjaxElementLocator.java:99)
at org.openqa.selenium.support.pagefactory.internal.LocatingElementHandler.invoke(LocatingElementHandler.java:38)
at com.sun.proxy.$Proxy11.getAttribute(Unknown Source)
at com.framework.common.Generics.getInnerText(Generics.java:362)
at com.Zain.ZainVerification.verifyBlackModel(ZainVerification.java:187)
at com.Zain.ZainIndex.testCaseScenario_01(ZainIndex.java:111)
at sun.reflect.NativeMethodAccessorImpl.invoke0(Native Method)
at sun.reflect.NativeMethodAccessorImpl.invoke(NativeMethodAccessorImpl.java:62)
at sun.reflect.DelegatingMethodAccessorImpl.invoke(DelegatingMethodAccessorImpl.java:43)
at java.lang.reflect.Method.invoke(Method.java:498)
at org.testng.internal.MethodInvocationHelper.invokeMethod(MethodInvocationHelper.java:132)
at org.testng.internal.TestInvoker.invokeMethod(TestInvoker.java:599)
at org.testng.internal.TestInvoker.invokeTestMethod(TestInvoker.java:174)
at org.testng.internal.MethodRunner.runInSequence(MethodRunner.java:46)
at org.testng.internal.TestInvoker$MethodInvocationAgent.invoke(TestInvoker.java:822)
at org.testng.internal.TestInvoker.invokeTestMethods(TestInvoker.java:147)
at org.testng.internal.TestMethodWorker.invokeTestMethods(TestMethodWorker.java:146)
at org.testng.internal.TestMethodWorker.run(TestMethodWorker.java:128)
at java.util.ArrayList.forEach(ArrayList.java:1259)
at org.testng.TestRunner.privateRun(TestRunner.java:764)
at org.testng.TestRunner.run(TestRunner.java:585)
at org.testng.SuiteRunner.runTest(SuiteRunner.java:384)
at org.testng.SuiteRunner.runSequentially(SuiteRunner.java:378)
at org.testng.SuiteRunner.privateRun(SuiteRunner.java:337)
at org.testng.SuiteRunner.run(SuiteRunner.java:286)
at org.testng.SuiteRunnerWorker.runSuite(SuiteRunnerWorker.java:53)
at org.testng.SuiteRunnerWorker.run(SuiteRunnerWorker.java:96)
at org.testng.TestNG.runSuitesSequentially(TestNG.java:1218)
at org.testng.TestNG.runSuitesLocally(TestNG.java:1140)
at org.testng.TestNG.runSuites(TestNG.java:1069)
at org.testng.TestNG.run(TestNG.java:1037)
at com.intellij.rt.testng.IDEARemoteTestNG.run(IDEARemoteTestNG.java:66)
at com.intellij.rt.testng.RemoteTestNGStarter.main(RemoteTestNGStarter.java:110)
Caused by: org.openqa.selenium.NoSuchElementException: no such element: Unable to locate element: {"method":"xpath","selector":"//input[@id='elementn_widgets_FilteringSelectAdvanced_1']"}
  (Session info: chrome=85.0.4183.102)
For documentation on this error, please visit: https://www.seleniumhq.org/exceptions/no_such_element.html
Build info: version: '3.141.59', revision: 'e82be7d358', time: '2018-11-14T08:17:03'
System info: host: 'DESKTOP-576CM0N', ip: '192.168.0.100', os.name: 'Windows 10', os.arch: 'amd64', os.version: '10.0', java.version: '1.8.0_261'
Driver info: org.openqa.selenium.chrome.ChromeDriver
Capabilities {acceptInsecureCerts: false, browserName: chrome, browserVersion: 85.0.4183.102, chrome: {chromedriverVersion: 84.0.4147.30 (48b3e868b4cc0..., userDataDir: C:\Users\Laptop\AppData\Loc...}, goog:chromeOptions: {debuggerAddress: localhost:57509}, javascriptEnabled: true, networkConnectionEnabled: false, pageLoadStrategy: normal, platform: WINDOWS, platformName: WINDOWS, proxy: Proxy(), setWindowRect: true, strictFileInteractability: false, timeouts: {implicit: 0, pageLoad: 300000, script: 30000}, unhandledPromptBehavior: dismiss and notify, webauthn:virtualAuthenticators: true}
Session ID: 69fdb9b26ded591a07380d2756a4ca19
*** Element info: {Using=xpath, value=//input[@id='elementn_widgets_FilteringSelectAdvanced_1']}
at sun.reflect.NativeConstructorAccessorImpl.newInstance0(Native Method)
at sun.reflect.NativeConstructorAccessorImpl.newInstance(NativeConstructorAccessorImpl.java:62)
at sun.reflect.DelegatingConstructorAccessorImpl.newInstance(DelegatingConstructorAccessorImpl.java:45)
at java.lang.reflect.Constructor.newInstance(Constructor.java:423)
at org.openqa.selenium.remote.http.W3CHttpResponseCodec.createException(W3CHttpResponseCodec.java:187)
at org.openqa.selenium.remote.http.W3CHttpResponseCodec.decode(W3CHttpResponseCodec.java:122)
at org.openqa.selenium.remote.http.W3CHttpResponseCodec.decode(W3CHttpResponseCodec.java:49)
at org.openqa.selenium.remote.HttpCommandExecutor.execute(HttpCommandExecutor.java:158)
at org.openqa.selenium.remote.service.DriverCommandExecutor.execute(DriverCommandExecutor.java:83)
at org.openqa.selenium.remote.RemoteWebDriver.execute(RemoteWebDriver.java:552)
at org.openqa.selenium.remote.RemoteWebDriver.findElement(RemoteWebDriver.java:323)
at org.openqa.selenium.remote.RemoteWebDriver.findElementByXPath(RemoteWebDriver.java:428)
at org.openqa.selenium.By$ByXPath.findElement(By.java:353)
at org.openqa.selenium.remote.RemoteWebDriver.findElement(RemoteWebDriver.java:315)
at org.openqa.selenium.support.pagefactory.DefaultElementLocator.findElement(DefaultElementLocator.java:69)
at org.openqa.selenium.support.pagefactory.AjaxElementLocator.access$001(AjaxElementLocator.java:39)
at org.openqa.selenium.support.pagefactory.AjaxElementLocator$SlowLoadingElement.isLoaded(AjaxElementLocator.java:165)
at org.openqa.selenium.support.ui.SlowLoadableComponent.get(SlowLoadableComponent.java:72)
at org.openqa.selenium.support.pagefactory.AjaxElementLocator.findElement(AjaxElementLocator.java:95)
... 32 more
]]>
    </error>
  </testcase> <!-- testCaseScenario_01 -->
  <system-out>
<br></br><strong>Zain_TestScenario :: To perform login, verify Dashboard and Add device from E-Shop</strong> <br></br><img src="info.png" alt="Info" height="18" width="18"><font color=#000080>Version is not available for the current build.</font> <br></br><img src="info.png" alt="Info" height="18" width="18"><font color=#000080>To verify that user can see the home page of the " Zain Web Application " .</font> <br></br><img src="pass.png" height="18" width="18"><Strong><font color=#008000>Pass</font></strong> <br></br>Step 1 : Click on My Zain Account button from the top right corner of the web application. <br></br><img src="info.png" alt="Info" height="18" width="18"><font color=#000080>Verify that user can see " Login Screen " of zain web application with following fields.<br> 1. Zain Logo <br> 2. Login Panel <br> 3. Register Panel<br> 4. Personal Tab<br> 5. Business Tab.
<br> 6. E-Shop Tab.
<br> 7. I am looking for Search field.
<br> 8. Follow us Icons
<br> 9. Footer Text
<br> 10. Header Hyperlinks
</font> <br></br><img src="pass.png" height="18" width="18"><Strong><font color=#008000>Pass</font></strong> <br></br>Step 2 : Enter Credentials for login. <br></br><strong>Email Address : </strong><font color=#9400D3>voicetest290@gmail.com</font> <br></br>Step 3 : Click on Sign in button. <br></br><img src="info.png" alt="Info" height="18" width="18"><font color=#000080>Verify user is directed to the dashboard screen after successful login and verify following details.<br> 1. Logged in user name
<br> 2. Add to cart button
<br> 3. Zain Logo
<br> 4. Personal Tab
<br> 5. Business Tab
<br> 6. E-Shop Tab
<br> 7. 5G Tab
<br  8. Notifications dropdown
<br> 9. I am looking for Search field.
<br> 10. Profile Picture of user.
<br> 11. Name 
<br> 12. Nickname
</font> <br></br><strong>Logged in User Name :  : </strong><font color=#9400D3>Rutu Shah</font> <br></br><strong>Logged in User's NickName :  : </strong><font color=#9400D3>Rutu</font> <br></br><img src="pass.png" height="18" width="18"><Strong><font color=#008000>Pass</font></strong> <br></br>Step 4 : Click on E-Shop Tab. <br></br><img src="info.png" alt="Info" height="18" width="18"><font color=#000080>Verify user can see E-Shop Screen's content.</font> <br></br><strong>Total Available Products :  : </strong><font color=#9400D3>5</font> <br></br><img src="pass.png" height="18" width="18"><Strong><font color=#008000>Pass</font></strong> <br></br>Step 5 : Click on First available product. <br></br><img src="info.png" alt="Info" height="18" width="18"><font color=#000080>Verify selected product screen.</font> <br></br><img src="pass.png" height="18" width="18"><Strong><font color=#008000>Pass</font></strong> <br></br>Step 6 : Observe and click on the first thumbnail. <br></br><img src="info.png" alt="Info" height="18" width="18"><font color=#000080>Verify user can see information page of the thumbnail.</font> <br></br><img src="pass.png" height="18" width="18"><Strong><font color=#008000>Pass</font></strong> <br></br><img src="info.png" alt="Info" height="18" width="18"><font color=#000080>Verify select Iphone SE with black color and model number</font> <br></br><strong>Step Failure<br>Please check attached screenshot : <br><br> : </strong><font color=#9400D3><img src='../test-output/screenshots/0916170701570testCaseScenario_01.png' width='683' height='384'/></font> <br></br><img src="fail.png" alt="Fail" height="18" width="18"><Strong><font color=#ff0000>Fail</font></strong> <br></br><strong>Failure Reason: : </strong><font color=#9400D3></font> <br></br><img src="warning.png" alt="Warning" height="18" width="18">Validation Message : <Strong><font color=#ff0000>org.openqa.selenium.NoSuchElementException: Timed out after 10 seconds. Unable to locate the element</strong></font>  </system-out>
</testsuite> <!-- com.Zain.ZainIndex -->
